instagram.com
i.instagram.com
api.instagram.com
graph.instagram.com
about.instagram.com
help.instagram.com
upload.instagram.com
edge-chat.instagram.com
l.instagram.com
maps.instagram.com
business.instagram.com
developers.instagram.com
static.cdninstagram.com
scontent.cdninstagram.com
video.cdninstagram.com
cdninstagram.com
ig.me
igsonar.com
facebook.com
web.facebook.com
staticxx.facebook.com
lookaside.facebook.com
edge-mqtt.facebook.com
facebook.net
fbcdn.net
fna.fbcdn.net
external.xx.fbcdn.net
scontent.xx.fbcdn.net
static.xx.fbcdn.net
video.xx.fbcdn.net
streaming-graph.facebook.com
graph.facebook.com
connect.facebook.net
rupload.facebook.com
fb.com
fb.me
fbsbx.com
fbpigeon.com
meta.com
internalfb.com
