telegram.org
telegram.me
telegram.com
telegram.app
telegram.dev
telegram.dog
telegram.space
t.me
tg.dev
core.telegram.org
desktop.telegram.org
web.telegram.org
updates.telegram.org
api.telegram.org
cdn-telegram.org
telegram-cdn.org
telesco.pe
telegra.ph
graph.org
fragment.com
comments.app
usercontent.dev
tdesktop.com
tg.org
tx.me
teleg.xyz
telegram.ai
telegram.asia
telegram.biz
telegram.cloud
telegram.cn
telegram.co
telegram.de
telegram.eu
telegram.fr
telegram.host
telegram.in
telegram.info
telegram.io
telegram.jp
telegram.net
telegram.qa
telegram.ru
telegram.services
telegram.solutions
telegram.team
telegram.tech
telegram.uk
telegram.us
telegram.website
telegram.xyz
telegramapp.org
nicegram.app
telegramdownload.com
contest.com
quiz.directory
telega.one
tgram.org
torg.org
